2025-11-10 03:23:50 - OPTIONS web_auth
2025-11-10 03:23:50 - POST web_auth
Action: web_auth, Input: {"username":"samix","password":"12345"}
2025-11-10 03:23:51 - OPTIONS web_auth
2025-11-10 03:23:51 - POST web_auth
Action: web_auth, Input: {"username":"samix","password":"12345"}
2025-11-10 03:23:52 - OPTIONS web_auth
2025-11-10 03:23:52 - POST web_auth
Action: web_auth, Input: {"username":"samix","password":"12345"}
2025-11-10 03:23:52 - OPTIONS web_auth
2025-11-10 03:23:52 - POST web_auth
Action: web_auth, Input: {"username":"samix","password":"12345"}
2025-11-10 03:23:52 - OPTIONS web_auth
2025-11-10 03:23:52 - POST web_auth
Action: web_auth, Input: {"username":"samix","password":"12345"}
2025-11-10 03:24:04 - OPTIONS web_auth
2025-11-10 03:24:04 - POST web_auth
Action: web_auth, Input: {"username":"admin","password":"admin123"}
2025-11-10 03:25:32 - OPTIONS web_auth
2025-11-10 03:25:32 - POST web_auth
Action: web_auth, Input: {"username":"SamIx","password":"122689v"}
2025-11-10 03:25:33 - OPTIONS web_auth
2025-11-10 03:25:33 - POST web_auth
Action: web_auth, Input: {"username":"SamIx","password":"122689v"}
2025-11-10 03:25:33 - OPTIONS web_auth
2025-11-10 03:25:33 - POST web_auth
Action: web_auth, Input: {"username":"SamIx","password":"122689v"}
2025-11-10 03:25:40 - OPTIONS web_auth
2025-11-10 03:25:40 - POST web_auth
Action: web_auth, Input: {"username":"samixzxc","password":"12345"}
2025-11-10 03:26:33 - POST launcher_auth
Action: launcher_auth, Input: {"username":"samixzxc","password":"12345"}
2025-11-10 03:27:27 - POST launcher_auth
Action: launcher_auth, Input: {"username":"admin","password":"admin123"}
2025-11-10 03:29:08 - POST launcher_auth
Action: launcher_auth, Input: {"username":"admin","password":"admin123"}
2025-11-10 03:29:45 - OPTIONS web_auth
2025-11-10 03:29:45 - POST web_auth
Action: web_auth, Input: {"username":"admin","password":"admin123"}
2025-11-10 03:30:10 - OPTIONS web_auth
2025-11-10 03:30:10 - POST web_auth
Action: web_auth, Input: {"username":"admin","password":"admin123"}
2025-11-10 03:32:04 - POST launcher_auth
Action: launcher_auth, Input: {"username":"admin","password":"3123124"}
2025-11-10 03:32:09 - POST launcher_auth
Action: launcher_auth, Input: {"username":"admin","password":"admin123"}
2025-11-10 03:33:30 - POST launcher_auth
Action: launcher_auth, Input: {"username":"424124","password":"214214"}
2025-11-10 03:33:40 - POST launcher_auth
Action: launcher_auth, Input: {"username":"SamIx","password":"12345"}
2025-11-10 03:33:47 - POST launcher_auth
Action: launcher_auth, Input: {"username":"admin","password":"admin123"}
