2025-11-10 21:58:24 - CHECK_SUCCESS - User: 12345 - HWID: 746E6331FC36C549 - HWID not bound - access granted
2025-11-10 21:58:25 - BIND_SUCCESS - User: 12345 - HWID: 746E6331FC36C549 - HWID bound successfully
2025-11-10 22:00:23 - CHECK_SUCCESS - User: 12345 - HWID: 746E6331FC36C549 - HWID matches - access granted
2025-11-10 22:00:23 - BIND_SUCCESS - User: 12345 - HWID: 746E6331FC36C549 - HWID bound successfully
2025-11-10 22:05:31 - CHECK_FAILED - User: 12345 - HWID: 746E6331FC36C549 - HWID mismatch - access denied
2025-11-10 22:07:14 - RESET_HWID - User: samixzxc - By: admin - Old HWID: A1B2C3D4E5F67890
2025-11-10 22:07:17 - RESET_HWID - User: 12345 - By: admin - Old HWID: FEDCBA9876543210
2025-11-10 22:07:20 - RESET_HWID - User: 123456 - By: admin - Old HWID: 1234567890ABCDEF
2025-11-10 22:07:22 - RESET_HWID - User: vipclient - By: admin - Old HWID: VIP123456789ABCD
2025-11-10 22:07:23 - RESET_HWID - User: moderator - By: admin - Old HWID: MOD9876543210ABC
2025-11-10 22:07:26 - RESET_HWID - User: premium - By: admin - Old HWID: PREMIUM123456789
2025-11-10 22:07:57 - CHECK_SUCCESS - User: 12345 - HWID: 746E6331FC36C549 - HWID not bound - access granted
2025-11-10 22:07:57 - BIND_SUCCESS - User: 12345 - HWID: 746E6331FC36C549 - HWID bound successfully
2025-11-10 22:11:08 - CHECK_SUCCESS - User: 12345 - HWID: 746E6331FC36C549 - HWID matches - access granted
2025-11-10 22:11:08 - BIND_SUCCESS - User: 12345 - HWID: 746E6331FC36C549 - HWID bound successfully
2025-11-10 22:14:40 - CHECK_SUCCESS - User: 12345 - HWID: 746E6331FC36C549 - HWID matches - access granted
2025-11-10 22:14:40 - BIND_SUCCESS - User: 12345 - HWID: 746E6331FC36C549 - HWID bound successfully
2025-11-10 22:46:52 - CHECK_SUCCESS - User: 12345 - HWID: 746E6331FC36C549 - HWID matches - access granted
2025-11-10 22:46:52 - BIND_SUCCESS - User: 12345 - HWID: 746E6331FC36C549 - HWID bound successfully
2025-11-10 22:47:19 - CHECK_SUCCESS - User: 12345 - HWID: 746E6331FC36C549 - HWID matches - access granted
2025-11-10 22:52:56 - CHECK_SUCCESS - User: 12345 - HWID: 746E6331FC36C549 - HWID matches - access granted
2025-11-10 22:52:56 - BIND_SUCCESS - User: 12345 - HWID: 746E6331FC36C549 - HWID bound successfully
2025-11-10 23:28:31 - CHECK_SUCCESS - User: 12345 - HWID: 746E6331FC36C549 - HWID matches - access granted
2025-11-10 23:28:31 - BIND_SUCCESS - User: 12345 - HWID: 746E6331FC36C549 - HWID bound successfully
2025-11-10 23:42:18 - CHECK_SUCCESS - User: 12345 - HWID: 746E6331FC36C549 - HWID matches - access granted
2025-11-10 23:42:18 - BIND_SUCCESS - User: 12345 - HWID: 746E6331FC36C549 - HWID bound successfully
2025-11-10 23:48:22 - CHECK_SUCCESS - User: 12345 - HWID: 746E6331FC36C549 - HWID matches - access granted
2025-11-10 23:48:22 - BIND_SUCCESS - User: 12345 - HWID: 746E6331FC36C549 - HWID bound successfully
2025-11-10 23:52:09 - CHECK_SUCCESS - User: 12345 - HWID: 746E6331FC36C549 - HWID matches - access granted
2025-11-10 23:52:09 - BIND_SUCCESS - User: 12345 - HWID: 746E6331FC36C549 - HWID bound successfully
